<?xml version="1.0" encoding="UTF-8"?>
<!-- Generated by org.testng.reporters.JUnitReportReporter -->
<testsuite skipped="0" hostname="LINUX0000914DEL" name="com.TestNG.TestNGFeatures" tests="4" failures="0" timestamp="2021-04-05T12:59:59 IST" time="0.002" errors="0">
  <testcase name="regisPage" time="0.000" classname="com.TestNG.TestNGFeatures"/>
  <system-out/>
  <testcase name="loginTest" time="0.000" classname="com.TestNG.TestNGFeatures"/>
  <system-out/>
  <testcase name="searchPageTest" time="0.001" classname="com.TestNG.TestNGFeatures"/>
  <system-out/>
  <testcase name="homepageTest" time="0.001" classname="com.TestNG.TestNGFeatures"/>
  <system-out/>
</testsuite> <!-- com.TestNG.TestNGFeatures -->
