<?xml version="1.0" encoding="UTF-8"?>
<!-- Generated by org.testng.reporters.JUnitReportReporter -->
<testsuite skipped="0" hostname="LINUX0000914DEL" name="com.TestNG.InvocationCountTest" tests="10" failures="0" timestamp="2021-04-05T12:59:59 IST" time="0.017" errors="0">
  <testcase name="sum" time="0.001" classname="com.TestNG.InvocationCountTest"/>
  <system-out/>
  <testcase name="sum" time="0.002" classname="com.TestNG.InvocationCountTest"/>
  <system-out/>
  <testcase name="sum" time="0.002" classname="com.TestNG.InvocationCountTest"/>
  <system-out/>
  <testcase name="sum" time="0.003" classname="com.TestNG.InvocationCountTest"/>
  <system-out/>
  <testcase name="sum" time="0.002" classname="com.TestNG.InvocationCountTest"/>
  <system-out/>
  <testcase name="sum" time="0.003" classname="com.TestNG.InvocationCountTest"/>
  <system-out/>
  <testcase name="sum" time="0.001" classname="com.TestNG.InvocationCountTest"/>
  <system-out/>
  <testcase name="sum" time="0.001" classname="com.TestNG.InvocationCountTest"/>
  <system-out/>
  <testcase name="sum" time="0.000" classname="com.TestNG.InvocationCountTest"/>
  <system-out/>
  <testcase name="sum" time="0.002" classname="com.TestNG.InvocationCountTest"/>
  <system-out/>
</testsuite> <!-- com.TestNG.InvocationCountTest -->
