<?xml version="1.0" encoding="UTF-8"?>
<!-- Generated by org.testng.reporters.JUnitReportReporter -->
<testsuite skipped="0" hostname="LINUX0000914DEL" name="com.TestNG.TestNGBasics" tests="1" failures="0" timestamp="2021-04-05T12:59:59 IST" time="0.001" errors="0">
  <testcase name="googleTitleTest" time="0.001" classname="com.TestNG.TestNGBasics"/>
  <system-out/>
</testsuite> <!-- com.TestNG.TestNGBasics -->
