<?xml version="1.0" encoding="UTF-8"?>
<!-- Generated by org.testng.reporters.JUnitReportReporter -->
<testsuite skipped="0" hostname="LINUX0000914DEL" name="com.TestNG.ExceptionTimeOutTest" tests="2" failures="0" timestamp="2021-04-05T12:59:59 IST" time="0.009" errors="0">
  <testcase name="test1" time="0.001" classname="com.TestNG.ExceptionTimeOutTest"/>
  <system-out/>
  <testcase name="infiniteLoopTest" time="0.008" classname="com.TestNG.ExceptionTimeOutTest"/>
  <system-out/>
</testsuite> <!-- com.TestNG.ExceptionTimeOutTest -->
