<?xml version="1.0" encoding="UTF-8"?>
<!-- Generated by org.testng.reporters.JUnitReportReporter -->
<testsuite skipped="0" hostname="LINUX0000914DEL" name="com.parameters.ParameterTest" tests="1" failures="0" timestamp="2021-04-05T12:59:59 IST" time="4.596" errors="0">
  <testcase name="yahooLoginTest" time="4.596" classname="com.parameters.ParameterTest"/>
  <system-out/>
</testsuite> <!-- com.parameters.ParameterTest -->
